2025-04-11 17:23:24 [INFO]: Сервер запущен на порту 3000
2025-04-11 17:23:24 [INFO]: Успешно подключено к базе данных PostgreSQL
2025-04-11 17:23:39 [INFO]: Пользователь подключился, userId: null
2025-04-11 17:23:46 [INFO]: Попытка входа: email=admin@example.com, password=1234
2025-04-11 17:23:46 [INFO]: Найден пользователь: email=admin@example.com, хранимый пароль=$2b$10$uGMLP1G/LNPmAqbYeiWZhudTr4I8G82oxala0mhodUypHL7nX3kSi
2025-04-11 17:23:46 [INFO]: Результат сравнения паролей: match=true
2025-04-11 17:23:46 [INFO]: Пользователь admin@example.com (роль: admin) вошёл в систему
2025-04-11 20:55:26 [INFO]: Сервер запущен на порту 3000
2025-04-11 20:55:26 [ERROR]: Ошибка подключения к базе данных: Error: The server does not support SSL connections
    at Socket.<anonymous> (D:\agroshop\node_modules\pg\lib\connection.js:76:37)
    at Object.onceWrapper (node:events:634:26)
    at Socket.emit (node:events:519:28)
    at addChunk (node:internal/streams/readable:559:12)
    at readableAddChunkPushByteMode (node:internal/streams/readable:510:3)
    at Readable.push (node:internal/streams/readable:390:5)
    at TCP.onStreamRead (node:internal/stream_base_commons:191:23)
2025-04-11 20:56:12 [INFO]: Сервер запущен на порту 5000
2025-04-11 20:56:12 [ERROR]: Ошибка подключения к базе данных: Error: The server does not support SSL connections
    at Socket.<anonymous> (D:\agroshop\node_modules\pg\lib\connection.js:76:37)
    at Object.onceWrapper (node:events:634:26)
    at Socket.emit (node:events:519:28)
    at addChunk (node:internal/streams/readable:559:12)
    at readableAddChunkPushByteMode (node:internal/streams/readable:510:3)
    at Readable.push (node:internal/streams/readable:390:5)
    at TCP.onStreamRead (node:internal/stream_base_commons:191:23)
2025-04-11 21:02:27 [INFO]: Сервер запущен на порту 3000
2025-04-11 21:02:27 [ERROR]: Ошибка подключения к базе данных: Error: The server does not support SSL connections
    at Socket.<anonymous> (D:\agroshop\node_modules\pg\lib\connection.js:76:37)
    at Object.onceWrapper (node:events:634:26)
    at Socket.emit (node:events:519:28)
    at addChunk (node:internal/streams/readable:559:12)
    at readableAddChunkPushByteMode (node:internal/streams/readable:510:3)
    at Readable.push (node:internal/streams/readable:390:5)
    at TCP.onStreamRead (node:internal/stream_base_commons:191:23)
2025-04-11 21:03:16 [INFO]: Сервер запущен на порту 3000
2025-04-11 21:03:16 [ERROR]: Ошибка подключения к базе данных: Error: SASL: SCRAM-SERVER-FIRST-MESSAGE: client password must be a string
    at Object.continueSession (D:\agroshop\node_modules\pg\lib\crypto\sasl.js:36:11)
    at Client._handleAuthSASLContinue (D:\agroshop\node_modules\pg\lib\client.js:276:18)
    at Connection.emit (node:events:519:28)
    at D:\agroshop\node_modules\pg\lib\connection.js:116:12
    at Parser.parse (D:\agroshop\node_modules\pg-protocol\dist\parser.js:36:17)
    at Socket.<anonymous> (D:\agroshop\node_modules\pg-protocol\dist\index.js:11:42)
    at Socket.emit (node:events:519:28)
    at addChunk (node:internal/streams/readable:559:12)
    at readableAddChunkPushByteMode (node:internal/streams/readable:510:3)
    at Readable.push (node:internal/streams/readable:390:5)
2025-04-11 21:03:31 [INFO]: Сервер запущен на порту 3000
2025-04-11 21:03:31 [ERROR]: Ошибка подключения к базе данных: Error: The server does not support SSL connections
    at Socket.<anonymous> (D:\agroshop\node_modules\pg\lib\connection.js:76:37)
    at Object.onceWrapper (node:events:634:26)
    at Socket.emit (node:events:519:28)
    at addChunk (node:internal/streams/readable:559:12)
    at readableAddChunkPushByteMode (node:internal/streams/readable:510:3)
    at Readable.push (node:internal/streams/readable:390:5)
    at TCP.onStreamRead (node:internal/stream_base_commons:191:23)
2025-04-11 21:04:45 [INFO]: Сервер запущен на порту 3000
2025-04-11 21:04:47 [INFO]: Успешно подключено к базе данных PostgreSQL
2025-04-11 22:54:57 [INFO]: Успешно подключено к базе данных PostgreSQL
