2025-03-30 10:08:48 [INFO]: Найден товар: Арбуз АУ Продюсер ПВП (арт. 11112), схожесть: 0.0%
2025-03-30 10:08:48 [INFO]: Найден товар: Баклажан Северный Блюз (арт. 11111), схожесть: 0.0%
2025-03-30 10:08:48 [INFO]: Найден товар: Кабачок Президент 1 (арт. 11113), схожесть: 0.0%
2025-03-30 10:08:48 [INFO]: Найден товар: Огурец Сюрприз F1 (арт. 13326), схожесть: 0.0%
2025-03-30 10:08:48 [INFO]: Найден товар: Роза Красная (арт. 98765), схожесть: 0.0%
2025-03-30 10:08:48 [INFO]: Найден товар: Томат Балконное Чудо (арт. 41047), схожесть: 0.0%
2025-03-30 10:10:32 [INFO]: Пользователь подключился, userId: null
2025-03-30 11:49:06 [INFO]: Сервер запущен на порту 3000
2025-03-30 11:49:06 [INFO]: Успешно подключено к базе данных PostgreSQL
2025-03-30 11:49:06 [INFO]: Пользователь подключился, userId: null
2025-03-30 11:49:23 [INFO]: Пользователь подключился, userId: null
2025-03-30 11:50:59 [INFO]: Пользователь подключился, userId: null
2025-03-30 11:51:09 [INFO]: Сервер запущен на порту 3000
2025-03-30 11:51:09 [INFO]: Успешно подключено к базе данных PostgreSQL
2025-03-30 11:51:09 [INFO]: Пользователь подключился, userId: null
2025-03-30 11:51:11 [INFO]: Пользователь подключился, userId: null
2025-03-30 11:51:40 [INFO]: Пользователь подключился, userId: null
2025-03-30 11:51:46 [INFO]: Найден товар: Баклажан Северный Блюз (арт. 11111), схожесть: 0.0%
2025-03-30 11:51:46 [INFO]: Найден товар: Кабачок Президент 1 (арт. 11113), схожесть: 0.0%
2025-03-30 11:51:46 [INFO]: Найден товар: Огурец Сюрприз F1 (арт. 13326), схожесть: 0.0%
2025-03-30 11:51:46 [INFO]: Найден товар: Томат Балконное Чудо (арт. 41047), схожесть: 0.0%
2025-03-30 11:51:48 [INFO]: Пользователь подключился, userId: null
2025-03-30 12:00:36 [INFO]: Пользователь подключился, userId: null
2025-03-30 12:04:13 [INFO]: Сервер запущен на порту 3000
2025-03-30 12:04:13 [INFO]: Пользователь подключился, userId: null
2025-03-30 12:04:13 [INFO]: Успешно подключено к базе данных PostgreSQL
2025-03-30 12:04:20 [INFO]: Пользователь подключился, userId: null
2025-03-30 12:05:37 [INFO]: Пользователь подключился, userId: null
2025-03-30 12:10:00 [INFO]: Пользователь user2@example.com вошёл в систему
2025-03-30 12:10:04 [INFO]: Пользователь подключился, userId: 2
2025-03-30 12:12:11 [INFO]: Пользователь подключился, userId: 2
2025-03-30 12:12:13 [INFO]: Найден товар: Арбуз АУ Продюсер ПВП (арт. 11112), схожесть: 0.0%
2025-03-30 12:12:13 [INFO]: Найден товар: Баклажан Северный Блюз (арт. 11111), схожесть: 0.0%
2025-03-30 12:12:13 [INFO]: Найден товар: Кабачок Президент 1 (арт. 11113), схожесть: 0.0%
2025-03-30 12:12:13 [INFO]: Найден товар: Огурец Сюрприз F1 (арт. 13326), схожесть: 0.0%
2025-03-30 12:12:13 [INFO]: Найден товар: Роза Красная (арт. 98765), схожесть: 0.0%
2025-03-30 12:12:13 [INFO]: Найден товар: Томат Балконное Чудо (арт. 41047), схожесть: 0.0%
2025-03-30 12:16:14 [INFO]: Сервер запущен на порту 3000
2025-03-30 12:16:14 [INFO]: Успешно подключено к базе данных PostgreSQL
2025-03-30 12:16:21 [INFO]: Пользователь подключился, userId: null
2025-03-30 12:16:27 [INFO]: Пользователь user2@example.com вошёл в систему
2025-03-30 12:16:28 [INFO]: Пользователь подключился, userId: 2
2025-03-30 12:16:29 [INFO]: Найден товар: Арбуз АУ Продюсер ПВП (арт. 11112), схожесть: 0.0%
2025-03-30 12:16:29 [INFO]: Найден товар: Баклажан Северный Блюз (арт. 11111), схожесть: 0.0%
2025-03-30 12:16:29 [INFO]: Найден товар: Кабачок Президент 1 (арт. 11113), схожесть: 0.0%
2025-03-30 12:16:29 [INFO]: Найден товар: Огурец Сюрприз F1 (арт. 13326), схожесть: 0.0%
2025-03-30 12:16:29 [INFO]: Найден товар: Роза Красная (арт. 98765), схожесть: 0.0%
2025-03-30 12:16:29 [INFO]: Найден товар: Томат Балконное Чудо (арт. 41047), схожесть: 0.0%
2025-03-30 12:16:30 [INFO]: Пользователь подключился, userId: 2
2025-03-30 12:16:48 [INFO]: Найден товар: Арбуз АУ Продюсер ПВП (арт. 11112), схожесть: 0.0%
2025-03-30 12:16:48 [INFO]: Найден товар: Баклажан Северный Блюз (арт. 11111), схожесть: 0.0%
2025-03-30 12:16:48 [INFO]: Найден товар: Кабачок Президент 1 (арт. 11113), схожесть: 0.0%
2025-03-30 12:16:48 [INFO]: Найден товар: Огурец Сюрприз F1 (арт. 13326), схожесть: 0.0%
2025-03-30 12:16:48 [INFO]: Найден товар: Роза Красная (арт. 98765), схожесть: 0.0%
2025-03-30 12:16:48 [INFO]: Найден товар: Томат Балконное Чудо (арт. 41047), схожесть: 0.0%
2025-03-30 12:16:48 [INFO]: Пользователь подключился, userId: 2
2025-03-30 12:17:04 [INFO]: Найден товар: Арбуз АУ Продюсер ПВП (арт. 11112), схожесть: 0.0%
2025-03-30 12:17:04 [INFO]: Найден товар: Баклажан Северный Блюз (арт. 11111), схожесть: 0.0%
2025-03-30 12:17:04 [INFO]: Найден товар: Кабачок Президент 1 (арт. 11113), схожесть: 0.0%
2025-03-30 12:17:04 [INFO]: Найден товар: Огурец Сюрприз F1 (арт. 13326), схожесть: 0.0%
2025-03-30 12:17:04 [INFO]: Найден товар: Роза Красная (арт. 98765), схожесть: 0.0%
2025-03-30 12:17:04 [INFO]: Найден товар: Томат Балконное Чудо (арт. 41047), схожесть: 0.0%
2025-03-30 12:17:04 [INFO]: Пользователь подключился, userId: 2
2025-03-30 12:17:05 [INFO]: Пользователь подключился, userId: 2
2025-03-30 12:17:08 [INFO]: Пользователь подключился, userId: 2
2025-03-30 12:17:10 [INFO]: Пользователь подключился, userId: 2
2025-03-30 12:17:11 [INFO]: Пользователь подключился, userId: 2
2025-03-30 12:17:42 [INFO]: Найден товар: Арбуз АУ Продюсер ПВП (арт. 11112), схожесть: 0.0%
2025-03-30 12:17:42 [INFO]: Найден товар: Баклажан Северный Блюз (арт. 11111), схожесть: 0.0%
2025-03-30 12:17:42 [INFO]: Найден товар: Кабачок Президент 1 (арт. 11113), схожесть: 0.0%
2025-03-30 12:17:42 [INFO]: Найден товар: Огурец Сюрприз F1 (арт. 13326), схожесть: 0.0%
2025-03-30 12:17:42 [INFO]: Найден товар: Роза Красная (арт. 98765), схожесть: 0.0%
2025-03-30 12:17:42 [INFO]: Найден товар: Томат Балконное Чудо (арт. 41047), схожесть: 0.0%
2025-03-30 12:17:42 [INFO]: Пользователь подключился, userId: 2
2025-03-30 12:17:43 [INFO]: Найден товар: Арбуз АУ Продюсер ПВП (арт. 11112), схожесть: 0.0%
2025-03-30 12:17:43 [INFO]: Найден товар: Баклажан Северный Блюз (арт. 11111), схожесть: 0.0%
2025-03-30 12:17:43 [INFO]: Найден товар: Кабачок Президент 1 (арт. 11113), схожесть: 0.0%
2025-03-30 12:17:43 [INFO]: Найден товар: Огурец Сюрприз F1 (арт. 13326), схожесть: 0.0%
2025-03-30 12:17:43 [INFO]: Найден товар: Роза Красная (арт. 98765), схожесть: 0.0%
2025-03-30 12:17:43 [INFO]: Найден товар: Томат Балконное Чудо (арт. 41047), схожесть: 0.0%
2025-03-30 12:17:43 [INFO]: Пользователь подключился, userId: 2
2025-03-30 12:17:44 [INFO]: Найден товар: Арбуз АУ Продюсер ПВП (арт. 11112), схожесть: 0.0%
2025-03-30 12:17:44 [INFO]: Найден товар: Баклажан Северный Блюз (арт. 11111), схожесть: 0.0%
2025-03-30 12:17:44 [INFO]: Найден товар: Кабачок Президент 1 (арт. 11113), схожесть: 0.0%
2025-03-30 12:17:44 [INFO]: Найден товар: Огурец Сюрприз F1 (арт. 13326), схожесть: 0.0%
2025-03-30 12:17:44 [INFO]: Найден товар: Роза Красная (арт. 98765), схожесть: 0.0%
2025-03-30 12:17:44 [INFO]: Найден товар: Томат Балконное Чудо (арт. 41047), схожесть: 0.0%
2025-03-30 12:17:44 [INFO]: Пользователь подключился, userId: 2
2025-03-30 12:18:14 [INFO]: Найден товар: Арбуз АУ Продюсер ПВП (арт. 11112), схожесть: 0.0%
2025-03-30 12:18:14 [INFO]: Найден товар: Баклажан Северный Блюз (арт. 11111), схожесть: 0.0%
2025-03-30 12:18:14 [INFO]: Найден товар: Кабачок Президент 1 (арт. 11113), схожесть: 0.0%
2025-03-30 12:18:14 [INFO]: Найден товар: Огурец Сюрприз F1 (арт. 13326), схожесть: 0.0%
2025-03-30 12:18:14 [INFO]: Найден товар: Роза Красная (арт. 98765), схожесть: 0.0%
2025-03-30 12:18:14 [INFO]: Найден товар: Томат Балконное Чудо (арт. 41047), схожесть: 0.0%
2025-03-30 12:18:14 [INFO]: Пользователь подключился, userId: 2
2025-03-30 12:20:22 [INFO]: Найден товар: Арбуз АУ Продюсер ПВП (арт. 11112), схожесть: 0.0%
2025-03-30 12:20:22 [INFO]: Найден товар: Баклажан Северный Блюз (арт. 11111), схожесть: 0.0%
2025-03-30 12:20:22 [INFO]: Найден товар: Кабачок Президент 1 (арт. 11113), схожесть: 0.0%
2025-03-30 12:20:22 [INFO]: Найден товар: Огурец Сюрприз F1 (арт. 13326), схожесть: 0.0%
2025-03-30 12:20:22 [INFO]: Найден товар: Роза Красная (арт. 98765), схожесть: 0.0%
2025-03-30 12:20:22 [INFO]: Найден товар: Томат Балконное Чудо (арт. 41047), схожесть: 0.0%
2025-03-30 12:20:26 [INFO]: Пользователь подключился, userId: 2
2025-03-30 12:20:27 [INFO]: Найден товар: Арбуз АУ Продюсер ПВП (арт. 11112), схожесть: 0.0%
2025-03-30 12:20:27 [INFO]: Найден товар: Баклажан Северный Блюз (арт. 11111), схожесть: 0.0%
2025-03-30 12:20:27 [INFO]: Найден товар: Кабачок Президент 1 (арт. 11113), схожесть: 0.0%
2025-03-30 12:20:27 [INFO]: Найден товар: Огурец Сюрприз F1 (арт. 13326), схожесть: 0.0%
2025-03-30 12:20:27 [INFO]: Найден товар: Роза Красная (арт. 98765), схожесть: 0.0%
2025-03-30 12:20:27 [INFO]: Найден товар: Томат Балконное Чудо (арт. 41047), схожесть: 0.0%
2025-03-30 12:22:13 [INFO]: Найден товар: Арбуз АУ Продюсер ПВП (арт. 11112), схожесть: 0.0%
2025-03-30 12:22:13 [INFO]: Найден товар: Баклажан Северный Блюз (арт. 11111), схожесть: 0.0%
2025-03-30 12:22:13 [INFO]: Найден товар: Кабачок Президент 1 (арт. 11113), схожесть: 0.0%
2025-03-30 12:22:13 [INFO]: Найден товар: Огурец Сюрприз F1 (арт. 13326), схожесть: 0.0%
2025-03-30 12:22:13 [INFO]: Найден товар: Роза Красная (арт. 98765), схожесть: 0.0%
2025-03-30 12:22:13 [INFO]: Найден товар: Томат Балконное Чудо (арт. 41047), схожесть: 0.0%
2025-03-30 18:08:14 [INFO]: Сервер запущен на порту 3000
2025-03-30 18:08:14 [INFO]: Успешно подключено к базе данных PostgreSQL
2025-03-30 18:08:14 [INFO]: Пользователь подключился, userId: null
2025-03-30 18:08:16 [INFO]: Найден товар: Арбуз АУ Продюсер ПВП (арт. 11112), схожесть: 0.0%
2025-03-30 18:08:16 [INFO]: Найден товар: Баклажан Северный Блюз (арт. 11111), схожесть: 0.0%
2025-03-30 18:08:16 [INFO]: Найден товар: Кабачок Президент 1 (арт. 11113), схожесть: 0.0%
2025-03-30 18:08:16 [INFO]: Найден товар: Огурец Сюрприз F1 (арт. 13326), схожесть: 0.0%
2025-03-30 18:08:16 [INFO]: Найден товар: Роза Красная (арт. 98765), схожесть: 0.0%
2025-03-30 18:08:16 [INFO]: Найден товар: Томат Балконное Чудо (арт. 41047), схожесть: 0.0%
2025-03-30 18:08:16 [INFO]: Пользователь подключился, userId: null
2025-03-30 18:08:21 [INFO]: Пользователь user2@example.com вошёл в систему
2025-03-30 18:08:21 [INFO]: Пользователь подключился, userId: 2
2025-03-30 18:08:22 [INFO]: Пользователь подключился, userId: 2
2025-03-30 18:08:24 [INFO]: Пользователь подключился, userId: 2
2025-03-30 18:08:26 [INFO]: Найден товар: Арбуз АУ Продюсер ПВП (арт. 11112), схожесть: 0.0%
2025-03-30 18:08:26 [INFO]: Найден товар: Баклажан Северный Блюз (арт. 11111), схожесть: 0.0%
2025-03-30 18:08:26 [INFO]: Найден товар: Кабачок Президент 1 (арт. 11113), схожесть: 0.0%
2025-03-30 18:08:26 [INFO]: Найден товар: Огурец Сюрприз F1 (арт. 13326), схожесть: 0.0%
2025-03-30 18:08:26 [INFO]: Найден товар: Роза Красная (арт. 98765), схожесть: 0.0%
2025-03-30 18:08:26 [INFO]: Найден товар: Томат Балконное Чудо (арт. 41047), схожесть: 0.0%
2025-03-30 18:08:26 [INFO]: Пользователь подключился, userId: 2
2025-03-30 18:08:27 [INFO]: Пользователь подключился, userId: 2
2025-03-30 18:08:28 [INFO]: Пользователь подключился, userId: 2
2025-03-30 18:08:29 [INFO]: Пользователь подключился, userId: 2
