2025-03-31 13:46:00 [INFO]: Сервер запущен на порту 3000
2025-03-31 13:46:00 [INFO]: Успешно подключено к базе данных PostgreSQL
2025-03-31 13:46:08 [INFO]: Пользователь подключился, userId: null
2025-03-31 13:48:40 [INFO]: Пользователь admin@example.com (роль: admin) вошёл в систему
2025-03-31 13:49:27 [INFO]: Найден товар: Арбуз АУ Продюсер ПВП (арт. 11112), схожесть: 0.0%
2025-03-31 13:49:27 [INFO]: Найден товар: Баклажан Северный Блюз (арт. 11111), схожесть: 0.0%
2025-03-31 13:49:27 [INFO]: Найден товар: Кабачок Президент 1 (арт. 11113), схожесть: 0.0%
2025-03-31 13:49:27 [INFO]: Найден товар: Огурец Сюрприз F1 (арт. 13326), схожесть: 0.0%
2025-03-31 13:49:27 [INFO]: Найден товар: Роза Красная (арт. 98765), схожесть: 0.0%
2025-03-31 13:49:27 [INFO]: Найден товар: Томат Балконное Чудо (арт. 41047), схожесть: 0.0%
2025-03-31 13:49:27 [INFO]: Пользователь подключился, userId: 3
2025-03-31 13:49:48 [INFO]: Пользователь admin@example.com вышел из системы
2025-03-31 13:49:48 [INFO]: Пользователь подключился, userId: null
2025-03-31 13:49:52 [INFO]: Пользователь admin@example.com (роль: admin) вошёл в систему
2025-03-31 13:50:00 [INFO]: Сервер запущен на порту 3000
2025-03-31 13:50:00 [INFO]: Успешно подключено к базе данных PostgreSQL
2025-03-31 13:50:00 [INFO]: Пользователь неизвестный пользователь вышел из системы
2025-03-31 13:50:00 [INFO]: Пользователь подключился, userId: null
2025-03-31 13:50:05 [INFO]: Пользователь admin@example.com (роль: admin) вошёл в систему
2025-03-31 13:50:06 [INFO]: Пользователь подключился, userId: 3
2025-03-31 13:50:10 [INFO]: Найден товар: Арбуз АУ Продюсер ПВП (арт. 11112), схожесть: 0.0%
2025-03-31 13:50:10 [INFO]: Найден товар: Баклажан Северный Блюз (арт. 11111), схожесть: 0.0%
2025-03-31 13:50:10 [INFO]: Найден товар: Кабачок Президент 1 (арт. 11113), схожесть: 0.0%
2025-03-31 13:50:10 [INFO]: Найден товар: Огурец Сюрприз F1 (арт. 13326), схожесть: 0.0%
2025-03-31 13:50:10 [INFO]: Найден товар: Роза Красная (арт. 98765), схожесть: 0.0%
2025-03-31 13:50:10 [INFO]: Найден товар: Томат Балконное Чудо (арт. 41047), схожесть: 0.0%
2025-03-31 13:50:10 [INFO]: Пользователь подключился, userId: 3
2025-03-31 13:50:11 [INFO]: Пользователь подключился, userId: 3
2025-03-31 13:50:12 [INFO]: Пользователь подключился, userId: 3
2025-03-31 13:50:16 [INFO]: Пользователь подключился, userId: 3
2025-03-31 13:50:18 [INFO]: Пользователь подключился, userId: 3
2025-03-31 13:50:20 [INFO]: Найден товар: Арбуз АУ Продюсер ПВП (арт. 11112), схожесть: 0.0%
2025-03-31 13:50:20 [INFO]: Найден товар: Баклажан Северный Блюз (арт. 11111), схожесть: 0.0%
2025-03-31 13:50:20 [INFO]: Найден товар: Кабачок Президент 1 (арт. 11113), схожесть: 0.0%
2025-03-31 13:50:20 [INFO]: Найден товар: Огурец Сюрприз F1 (арт. 13326), схожесть: 0.0%
2025-03-31 13:50:20 [INFO]: Найден товар: Роза Красная (арт. 98765), схожесть: 0.0%
2025-03-31 13:50:20 [INFO]: Найден товар: Томат Балконное Чудо (арт. 41047), схожесть: 0.0%
2025-03-31 13:50:20 [INFO]: Пользователь подключился, userId: 3
2025-03-31 13:50:21 [INFO]: Пользователь подключился, userId: 3
2025-03-31 13:50:53 [INFO]: Пользователь подключился, userId: 3
2025-03-31 13:53:56 [ERROR]: Ошибка при редактировании записи в users: error: неверный синтаксис для типа date: ""
    at D:\agroshop\node_modules\pg-pool\index.js:45:11
    at process.processTicksAndRejections (node:internal/process/task_queues:95:5)
    at async D:\agroshop\server.js:1270:13
2025-03-31 13:54:03 [ERROR]: Ошибка при редактировании записи в users: error: неверный синтаксис для типа date: ""
    at D:\agroshop\node_modules\pg-pool\index.js:45:11
    at process.processTicksAndRejections (node:internal/process/task_queues:95:5)
    at async D:\agroshop\server.js:1270:13
