2025-04-07 22:16:51 [INFO]: Сервер запущен на порту 3000
2025-04-07 22:16:51 [INFO]: Успешно подключено к базе данных PostgreSQL
2025-04-07 22:17:01 [INFO]: Пользователь подключился, userId: null
2025-04-07 22:17:08 [INFO]: Попытка входа: email=user2@example.com, password=1234
2025-04-07 22:17:08 [INFO]: Найден пользователь: email=user2@example.com, хранимый пароль=$2b$10$NZy8R7sGRyve6XxKRk7srOv1ly5CFBAillcA46zzJ26SaN6ecz4KC
2025-04-07 22:17:08 [INFO]: Результат сравнения паролей: match=true
2025-04-07 22:17:08 [INFO]: Пользователь user2@example.com (роль: user) вошёл в систему
2025-04-07 22:17:08 [INFO]: Пользователь подключился, userId: 2
2025-04-07 22:17:11 [INFO]: Найден товар: Арбуз АУ Продюсер ПВП (арт. 11112), схожесть: 0.0%
2025-04-07 22:17:11 [INFO]: Найден товар: Баклажан Северный Блюз (арт. 11111), схожесть: 0.0%
2025-04-07 22:17:11 [INFO]: Найден товар: Кабачок Президент 1 (арт. 11113), схожесть: 0.0%
2025-04-07 22:17:11 [INFO]: Найден товар: Огурец Сюрприз F1 (арт. 13326), схожесть: 0.0%
2025-04-07 22:17:11 [INFO]: Найден товар: Роза Красная (арт. 98765), схожесть: 0.0%
2025-04-07 22:17:11 [INFO]: Найден товар: Томат Балконное Чудо (арт. 41047), схожесть: 0.0%
2025-04-07 22:17:11 [INFO]: Пользователь подключился, userId: 2
2025-04-07 22:17:12 [INFO]: Пользователь подключился, userId: 2
2025-04-07 22:17:13 [INFO]: Найден товар: Арбуз АУ Продюсер ПВП (арт. 11112), схожесть: 0.0%
2025-04-07 22:17:13 [INFO]: Найден товар: Баклажан Северный Блюз (арт. 11111), схожесть: 0.0%
2025-04-07 22:17:13 [INFO]: Найден товар: Кабачок Президент 1 (арт. 11113), схожесть: 0.0%
2025-04-07 22:17:13 [INFO]: Найден товар: Огурец Сюрприз F1 (арт. 13326), схожесть: 0.0%
2025-04-07 22:17:13 [INFO]: Найден товар: Роза Красная (арт. 98765), схожесть: 0.0%
2025-04-07 22:17:13 [INFO]: Найден товар: Томат Балконное Чудо (арт. 41047), схожесть: 0.0%
2025-04-07 22:17:13 [INFO]: Пользователь подключился, userId: 2
2025-04-07 22:17:15 [INFO]: Товар 11112 добавлен в корзину пользователя 2, количество: 1
2025-04-07 22:17:15 [INFO]: Пользователь подключился, userId: 2
2025-04-07 22:17:27 [INFO]: Данные о заказе для пользователя 2 сохранены в сессии, tempOrderId: 1744053447243
2025-04-07 22:17:46 [INFO]: Заказ #11 оплачен и оформлен пользователем 2
2025-04-07 22:17:46 [INFO]: Пользователь подключился, userId: 2
2025-04-07 22:18:26 [INFO]: Пользователь подключился, userId: 2
2025-04-07 22:20:18 [INFO]: Пользователь user2@example.com вышел из системы
2025-04-07 22:20:18 [INFO]: Пользователь подключился, userId: null
2025-04-07 22:20:22 [INFO]: Попытка входа: email=admin@example.com, password=1234
2025-04-07 22:20:22 [INFO]: Найден пользователь: email=admin@example.com, хранимый пароль=$2b$10$uGMLP1G/LNPmAqbYeiWZhudTr4I8G82oxala0mhodUypHL7nX3kSi
2025-04-07 22:20:22 [INFO]: Результат сравнения паролей: match=true
2025-04-07 22:20:22 [INFO]: Пользователь admin@example.com (роль: admin) вошёл в систему
2025-04-07 22:22:26 [INFO]: Сервер запущен на порту 3000
2025-04-07 22:22:26 [INFO]: Успешно подключено к базе данных PostgreSQL
2025-04-07 22:22:32 [INFO]: Попытка входа: email=admin@example.com, password=1234
2025-04-07 22:22:32 [INFO]: Найден пользователь: email=admin@example.com, хранимый пароль=$2b$10$uGMLP1G/LNPmAqbYeiWZhudTr4I8G82oxala0mhodUypHL7nX3kSi
2025-04-07 22:22:32 [INFO]: Результат сравнения паролей: match=true
2025-04-07 22:22:32 [INFO]: Пользователь admin@example.com (роль: admin) вошёл в систему
2025-04-07 22:24:14 [INFO]: Сервер запущен на порту 3000
2025-04-07 22:24:14 [INFO]: Успешно подключено к базе данных PostgreSQL
2025-04-07 22:24:20 [INFO]: Попытка входа: email=admin@example.com, password=1234
2025-04-07 22:24:20 [INFO]: Найден пользователь: email=admin@example.com, хранимый пароль=$2b$10$uGMLP1G/LNPmAqbYeiWZhudTr4I8G82oxala0mhodUypHL7nX3kSi
2025-04-07 22:24:20 [INFO]: Результат сравнения паролей: match=true
2025-04-07 22:24:20 [INFO]: Пользователь admin@example.com (роль: admin) вошёл в систему
2025-04-07 22:27:04 [INFO]: Сервер запущен на порту 3000
2025-04-07 22:27:04 [INFO]: Успешно подключено к базе данных PostgreSQL
2025-04-07 22:27:08 [INFO]: Пользователь неизвестный пользователь вышел из системы
2025-04-07 22:27:08 [INFO]: Пользователь подключился, userId: null
2025-04-07 22:27:11 [INFO]: Попытка входа: email=user2@example.com, password=1234
2025-04-07 22:27:11 [INFO]: Найден пользователь: email=user2@example.com, хранимый пароль=$2b$10$NZy8R7sGRyve6XxKRk7srOv1ly5CFBAillcA46zzJ26SaN6ecz4KC
2025-04-07 22:27:11 [INFO]: Результат сравнения паролей: match=true
2025-04-07 22:27:11 [INFO]: Пользователь user2@example.com (роль: user) вошёл в систему
2025-04-07 22:27:11 [INFO]: Пользователь подключился, userId: 2
2025-04-07 22:27:13 [INFO]: Найден товар: Арбуз АУ Продюсер ПВП (арт. 11112), схожесть: 0.0%
2025-04-07 22:27:13 [INFO]: Найден товар: Баклажан Северный Блюз (арт. 11111), схожесть: 0.0%
2025-04-07 22:27:13 [INFO]: Найден товар: Кабачок Президент 1 (арт. 11113), схожесть: 0.0%
2025-04-07 22:27:13 [INFO]: Найден товар: Огурец Сюрприз F1 (арт. 13326), схожесть: 0.0%
2025-04-07 22:27:13 [INFO]: Найден товар: Роза Красная (арт. 98765), схожесть: 0.0%
2025-04-07 22:27:13 [INFO]: Найден товар: Томат Балконное Чудо (арт. 41047), схожесть: 0.0%
2025-04-07 22:27:13 [INFO]: Пользователь подключился, userId: 2
2025-04-07 22:27:14 [INFO]: Товар 11112 добавлен в корзину пользователя 2, количество: 1
2025-04-07 22:27:14 [INFO]: Пользователь подключился, userId: 2
2025-04-07 22:27:17 [INFO]: Данные о заказе для пользователя 2 сохранены в сессии, tempOrderId: 1744054037176
2025-04-07 22:27:25 [INFO]: Заказ #12 оплачен и оформлен пользователем 2
2025-04-07 22:27:26 [INFO]: Пользователь подключился, userId: 2
2025-04-07 23:02:30 [INFO]: Сервер запущен на порту 3000
2025-04-07 23:02:30 [INFO]: Успешно подключено к базе данных PostgreSQL
2025-04-07 23:02:30 [INFO]: Пользователь подключился, userId: null
2025-04-07 23:02:33 [INFO]: Пользователь подключился, userId: null
2025-04-07 23:02:35 [INFO]: Найден товар: Арбуз АУ Продюсер ПВП (арт. 11112), схожесть: 0.0%
2025-04-07 23:02:35 [INFO]: Найден товар: Баклажан Северный Блюз (арт. 11111), схожесть: 0.0%
2025-04-07 23:02:35 [INFO]: Найден товар: Кабачок Президент 1 (арт. 11113), схожесть: 0.0%
2025-04-07 23:02:35 [INFO]: Найден товар: Огурец Сюрприз F1 (арт. 13326), схожесть: 0.0%
2025-04-07 23:02:35 [INFO]: Найден товар: Роза Красная (арт. 98765), схожесть: 0.0%
2025-04-07 23:02:35 [INFO]: Найден товар: Томат Балконное Чудо (арт. 41047), схожесть: 0.0%
2025-04-07 23:02:35 [INFO]: Пользователь подключился, userId: null
2025-04-07 23:02:37 [INFO]: Пользователь подключился, userId: null
2025-04-07 23:02:41 [INFO]: Попытка входа: email=user2@example.com, password=1234
2025-04-07 23:02:41 [INFO]: Найден пользователь: email=user2@example.com, хранимый пароль=$2b$10$NZy8R7sGRyve6XxKRk7srOv1ly5CFBAillcA46zzJ26SaN6ecz4KC
2025-04-07 23:02:41 [INFO]: Результат сравнения паролей: match=true
2025-04-07 23:02:41 [INFO]: Пользователь user2@example.com (роль: user) вошёл в систему
2025-04-07 23:02:41 [INFO]: Пользователь подключился, userId: 2
2025-04-07 23:02:43 [INFO]: Пользователь подключился, userId: 2
2025-04-07 23:02:46 [INFO]: Пользователь user2@example.com вышел из системы
2025-04-07 23:02:46 [INFO]: Пользователь подключился, userId: null
2025-04-07 23:02:48 [INFO]: Пользователь подключился, userId: null
2025-04-07 23:02:52 [INFO]: Попытка входа: email=admin@example.com, password=1234
2025-04-07 23:02:52 [INFO]: Найден пользователь: email=admin@example.com, хранимый пароль=$2b$10$uGMLP1G/LNPmAqbYeiWZhudTr4I8G82oxala0mhodUypHL7nX3kSi
2025-04-07 23:02:52 [INFO]: Результат сравнения паролей: match=true
2025-04-07 23:02:52 [INFO]: Пользователь admin@example.com (роль: admin) вошёл в систему
2025-04-07 23:02:59 [INFO]: Пользователь подключился, userId: 3
2025-04-07 23:03:00 [INFO]: Пользователь подключился, userId: 3
2025-04-07 23:03:00 [INFO]: Найден товар: Арбуз АУ Продюсер ПВП (арт. 11112), схожесть: 0.0%
2025-04-07 23:03:00 [INFO]: Найден товар: Баклажан Северный Блюз (арт. 11111), схожесть: 0.0%
2025-04-07 23:03:00 [INFO]: Найден товар: Кабачок Президент 1 (арт. 11113), схожесть: 0.0%
2025-04-07 23:03:00 [INFO]: Найден товар: Огурец Сюрприз F1 (арт. 13326), схожесть: 0.0%
2025-04-07 23:03:00 [INFO]: Найден товар: Роза Красная (арт. 98765), схожесть: 0.0%
2025-04-07 23:03:00 [INFO]: Найден товар: Томат Балконное Чудо (арт. 41047), схожесть: 0.0%
2025-04-07 23:03:00 [INFO]: Пользователь подключился, userId: 3
2025-04-07 23:03:01 [INFO]: Пользователь подключился, userId: 3
2025-04-07 23:03:06 [INFO]: Пользователь подключился, userId: 3
