2025-03-28 10:39:39 [INFO]: Сервер запущен на порту 3000
2025-03-28 10:39:39 [INFO]: Успешно подключено к базе данных PostgreSQL
2025-03-28 10:39:43 [INFO]: Пользователь подключился, userId: null
2025-03-28 20:55:32 [INFO]: Сервер запущен на порту 3000
2025-03-28 20:55:32 [INFO]: Успешно подключено к базе данных PostgreSQL
2025-03-28 20:55:36 [INFO]: Пользователь подключился, userId: null
2025-03-28 20:55:36 [INFO]: Пользователь подключился, userId: null
2025-03-28 20:55:39 [INFO]: Получено событие button_click: search
2025-03-28 20:55:45 [INFO]: Получено событие input_submit: огуретц
2025-03-28 20:55:45 [INFO]: Найден товар: Огурец Сюрприз F1 (арт. 13326), схожесть: 50.0%
2025-03-28 20:56:05 [INFO]: Получено событие button_click: search
2025-03-28 20:56:09 [INFO]: Получено событие input_submit: Огуретц
2025-03-28 20:56:10 [INFO]: Найден товар: Огурец Сюрприз F1 (арт. 13326), схожесть: 50.0%
2025-03-28 20:56:20 [INFO]: Получено событие button_click: search
2025-03-28 20:56:26 [INFO]: Получено событие input_submit: огуретц
2025-03-28 20:56:26 [INFO]: Найден товар: Огурец Сюрприз F1 (арт. 13326), схожесть: 50.0%
2025-03-28 20:56:29 [INFO]: Получено событие button_click: search
2025-03-28 20:56:32 [INFO]: Получено событие input_submit: агурец
2025-03-28 20:56:32 [INFO]: Найден товар: Огурец Сюрприз F1 (арт. 13326), схожесть: 40.0%
2025-03-28 20:56:33 [INFO]: Получено событие button_click: search
2025-03-28 20:56:37 [INFO]: Получено событие input_submit: агуретц
2025-03-28 20:56:39 [INFO]: Получено событие button_click: search
2025-03-28 20:56:44 [INFO]: Получено событие input_submit: агуретц
2025-03-28 20:56:46 [INFO]: Получено событие button_click: search
2025-03-28 21:00:11 [INFO]: Сервер запущен на порту 3000
2025-03-28 21:00:11 [INFO]: Успешно подключено к базе данных PostgreSQL
2025-03-28 21:00:15 [INFO]: Пользователь подключился, userId: null
2025-03-28 21:00:17 [INFO]: Получено событие button_click: search
2025-03-28 21:00:22 [INFO]: Получено событие input_submit: огурец
2025-03-28 21:00:22 [INFO]: Найден товар: Огурец Сюрприз F1 (арт. 13326), схожесть: 100.0%
2025-03-28 21:07:45 [INFO]: Сервер запущен на порту 3000
2025-03-28 21:07:45 [INFO]: Успешно подключено к базе данных PostgreSQL
2025-03-28 21:08:11 [INFO]: Сервер запущен на порту 3000
2025-03-28 21:08:11 [INFO]: Успешно подключено к базе данных PostgreSQL
2025-03-28 21:10:07 [INFO]: Сервер запущен на порту 3000
2025-03-28 21:10:08 [INFO]: Успешно подключено к базе данных PostgreSQL
2025-03-28 21:10:10 [INFO]: Пользователь подключился, userId: null
2025-03-28 21:10:15 [INFO]: Пользователь подключился, userId: null
2025-03-28 21:40:56 [INFO]: Пользователь user2@example.com вошёл в систему
2025-03-28 21:40:57 [INFO]: Пользователь подключился, userId: 2
2025-03-28 21:48:02 [INFO]: Сервер запущен на порту 3000
2025-03-28 21:48:02 [INFO]: Успешно подключено к базе данных PostgreSQL
2025-03-28 21:48:09 [INFO]: Пользователь подключился, userId: null
2025-03-28 21:48:13 [INFO]: Пользователь user2@example.com вошёл в систему
2025-03-28 21:49:30 [INFO]: Сервер запущен на порту 3000
2025-03-28 21:49:30 [INFO]: Успешно подключено к базе данных PostgreSQL
2025-03-28 21:49:38 [INFO]: Пользователь user2@example.com вошёл в систему
2025-03-28 21:50:14 [INFO]: Заказ #6 оформлен пользователем 2
2025-03-28 21:50:32 [INFO]: Товар (арт. 13326) добавлен в корзину пользователя 2, количество: 1
2025-03-28 21:50:36 [INFO]: Заказ #7 оформлен пользователем 2
2025-03-28 21:52:03 [INFO]: Товар (арт. 13326) добавлен в корзину пользователя 2, количество: 1
