2025-03-29 10:41:37 [INFO]: Сервер запущен на порту 3000
2025-03-29 10:41:37 [INFO]: Успешно подключено к базе данных PostgreSQL
2025-03-29 10:41:50 [INFO]: Пользователь user2@example.com вошёл в систему
2025-03-29 10:42:43 [INFO]: Товар (арт. 13326) добавлен в корзину пользователя 2, количество: 6
2025-03-29 10:42:49 [INFO]: Заказ #8 оформлен пользователем 2
2025-03-29 10:43:22 [INFO]: Товар (арт. 13326) добавлен в корзину пользователя 2, количество: 1
2025-03-29 10:43:35 [INFO]: Заказ #9 оформлен пользователем 2
2025-03-29 10:47:43 [INFO]: Сервер запущен на порту 3000
2025-03-29 10:47:43 [INFO]: Успешно подключено к базе данных PostgreSQL
2025-03-29 10:48:26 [INFO]: Пользователь подключился, userId: null
2025-03-29 10:48:31 [INFO]: Пользователь user2@example.com вошёл в систему
2025-03-29 10:48:56 [INFO]: Товар (арт. 13326) добавлен в корзину пользователя 2, количество: 1
2025-03-29 10:49:01 [INFO]: Данные о заказе для пользователя 2 сохранены в сессии, tempOrderId: 1743234541520
2025-03-29 10:49:11 [INFO]: Данные о заказе для пользователя 2 сохранены в сессии, tempOrderId: 1743234551548
2025-03-29 10:49:25 [INFO]: Заказ #10 оплачен и оформлен пользователем 2
2025-03-29 10:50:36 [INFO]: Пользователь подключился, userId: 2
2025-03-29 10:50:55 [INFO]: Пользователь user2@example.com вышел из системы
2025-03-29 10:50:55 [INFO]: Пользователь подключился, userId: null
2025-03-29 12:27:00 [INFO]: Сервер запущен на порту 3000
2025-03-29 12:27:00 [INFO]: Успешно подключено к базе данных PostgreSQL
2025-03-29 12:28:40 [INFO]: Пользователь подключился, userId: null
2025-03-29 12:28:44 [INFO]: Пользователь user2@example.com вошёл в систему
2025-03-29 12:28:46 [INFO]: Пользователь подключился, userId: 2
2025-03-29 12:28:57 [INFO]: Сервер запущен на порту 3000
2025-03-29 12:28:57 [INFO]: Успешно подключено к базе данных PostgreSQL
2025-03-29 12:29:33 [INFO]: Сервер запущен на порту 3000
2025-03-29 12:29:33 [INFO]: Успешно подключено к базе данных PostgreSQL
2025-03-29 12:30:11 [INFO]: Пользователь user2@example.com вошёл в систему
2025-03-29 12:30:13 [INFO]: Товар (арт. 13326) добавлен в корзину пользователя 2, количество: 1
2025-03-29 12:32:35 [INFO]: Пользователь подключился, userId: 2
2025-03-29 12:36:01 [INFO]: Сервер запущен на порту 3000
2025-03-29 12:36:01 [INFO]: Успешно подключено к базе данных PostgreSQL
2025-03-29 12:36:02 [INFO]: Пользователь подключился, userId: null
2025-03-29 12:36:05 [INFO]: Пользователь подключился, userId: null
2025-03-29 12:36:23 [INFO]: Пользователь подключился, userId: null
2025-03-29 12:37:40 [INFO]: Пользователь подключился, userId: null
2025-03-29 12:56:55 [INFO]: Сервер запущен на порту 3000
2025-03-29 12:56:56 [INFO]: Успешно подключено к базе данных PostgreSQL
2025-03-29 12:57:16 [INFO]: Пользователь user2@example.com вошёл в систему
2025-03-29 12:57:17 [INFO]: Пользователь подключился, userId: 2
2025-03-29 12:57:21 [INFO]: Товар (арт. 98765) добавлен в корзину пользователя 2, количество: 1
2025-03-29 18:31:58 [INFO]: Сервер запущен на порту 3000
2025-03-29 18:31:59 [INFO]: Успешно подключено к базе данных PostgreSQL
2025-03-29 18:32:26 [INFO]: Пользователь подключился, userId: null
2025-03-29 19:04:41 [INFO]: Сервер запущен на порту 3000
2025-03-29 19:04:41 [INFO]: Успешно подключено к базе данных PostgreSQL
2025-03-29 19:19:32 [INFO]: Сервер запущен на порту 3000
2025-03-29 19:19:32 [INFO]: Успешно подключено к базе данных PostgreSQL
2025-03-29 19:21:27 [INFO]: Пользователь подключился, userId: null
2025-03-29 19:21:28 [INFO]: Получено событие button_click: search
2025-03-29 19:21:31 [INFO]: Получено событие input_submit: агурец
2025-03-29 19:21:31 [INFO]: Найден товар: Огурец Сюрприз F1 (арт. 13326), схожесть: 40.0%
2025-03-29 19:21:33 [INFO]: Получено событие button_click: search
2025-03-29 19:21:40 [INFO]: Получено событие input_submit: боклажан
2025-03-29 19:21:40 [INFO]: Найден товар: Баклажан Северный Блюз (арт. 11111), схожесть: 50.0%
2025-03-29 19:58:25 [INFO]: Сервер запущен на порту 3000
2025-03-29 19:58:25 [INFO]: Успешно подключено к базе данных PostgreSQL
2025-03-29 19:58:29 [INFO]: Пользователь подключился, userId: null
2025-03-29 19:58:30 [INFO]: Пользователь подключился, userId: null
2025-03-29 19:58:31 [INFO]: Пользователь подключился, userId: null
2025-03-29 19:58:32 [ERROR]: Ошибка при загрузке каталога: error: ошибка синтаксиса (примерное положение: "SELECT")
    at D:\agroshop\node_modules\pg-pool\index.js:45:11
    at process.processTicksAndRejections (node:internal/process/task_queues:95:5)
    at async D:\agroshop\server.js:309:24
2025-03-29 19:58:36 [ERROR]: Ошибка при загрузке каталога: error: ошибка синтаксиса (примерное положение: "SELECT")
    at D:\agroshop\node_modules\pg-pool\index.js:45:11
    at process.processTicksAndRejections (node:internal/process/task_queues:95:5)
    at async D:\agroshop\server.js:309:24
2025-03-29 20:00:23 [INFO]: Сервер запущен на порту 3000
2025-03-29 20:00:23 [INFO]: Успешно подключено к базе данных PostgreSQL
2025-03-29 20:00:34 [ERROR]: Ошибка при загрузке каталога: error: параметр $1 не существует
    at D:\agroshop\node_modules\pg-pool\index.js:45:11
    at process.processTicksAndRejections (node:internal/process/task_queues:95:5)
    at async D:\agroshop\server.js:290:24
2025-03-29 20:00:37 [INFO]: Пользователь подключился, userId: null
2025-03-29 20:00:38 [INFO]: Пользователь подключился, userId: null
2025-03-29 20:00:39 [INFO]: Пользователь подключился, userId: null
2025-03-29 20:00:40 [INFO]: Пользователь подключился, userId: null
2025-03-29 20:00:41 [ERROR]: Ошибка при загрузке каталога: error: параметр $1 не существует
    at D:\agroshop\node_modules\pg-pool\index.js:45:11
    at process.processTicksAndRejections (node:internal/process/task_queues:95:5)
    at async D:\agroshop\server.js:290:24
2025-03-29 20:04:24 [INFO]: Сервер запущен на порту 3000
2025-03-29 20:04:24 [INFO]: Успешно подключено к базе данных PostgreSQL
2025-03-29 20:04:29 [ERROR]: Ошибка при загрузке каталога: error: параметр $1 не существует
    at D:\agroshop\node_modules\pg-pool\index.js:45:11
    at process.processTicksAndRejections (node:internal/process/task_queues:95:5)
    at async D:\agroshop\server.js:293:24
2025-03-29 20:06:33 [INFO]: Сервер запущен на порту 3000
2025-03-29 20:06:33 [INFO]: Успешно подключено к базе данных PostgreSQL
2025-03-29 20:06:47 [ERROR]: Ошибка при загрузке каталога: error: столбец "rank" не существует
    at D:\agroshop\node_modules\pg-pool\index.js:45:11
    at process.processTicksAndRejections (node:internal/process/task_queues:95:5)
    at async D:\agroshop\server.js:306:24
2025-03-29 20:10:11 [INFO]: Сервер запущен на порту 3000
2025-03-29 20:10:11 [INFO]: Успешно подключено к базе данных PostgreSQL
2025-03-29 20:10:20 [ERROR]: Ошибка при загрузке каталога: error: столбец "rank" не существует
    at D:\agroshop\node_modules\pg-pool\index.js:45:11
    at process.processTicksAndRejections (node:internal/process/task_queues:95:5)
    at async D:\agroshop\server.js:304:24
2025-03-29 20:10:32 [ERROR]: Ошибка при загрузке каталога: error: столбец "rank" не существует
    at D:\agroshop\node_modules\pg-pool\index.js:45:11
    at process.processTicksAndRejections (node:internal/process/task_queues:95:5)
    at async D:\agroshop\server.js:304:24
2025-03-29 20:12:54 [INFO]: Сервер запущен на порту 3000
2025-03-29 20:12:54 [INFO]: Успешно подключено к базе данных PostgreSQL
2025-03-29 20:15:16 [INFO]: Сервер запущен на порту 3000
2025-03-29 20:15:16 [INFO]: Успешно подключено к базе данных PostgreSQL
2025-03-29 20:15:19 [ERROR]: Ошибка при загрузке каталога: error: в сообщении Bind передано неверное число параметров (1, а подготовленный оператор "" требует 2)
    at D:\agroshop\node_modules\pg-pool\index.js:45:11
    at process.processTicksAndRejections (node:internal/process/task_queues:95:5)
    at async D:\agroshop\server.js:288:38
2025-03-29 20:15:25 [ERROR]: Ошибка при загрузке каталога: error: в сообщении Bind передано неверное число параметров (1, а подготовленный оператор "" требует 2)
    at D:\agroshop\node_modules\pg-pool\index.js:45:11
    at process.processTicksAndRejections (node:internal/process/task_queues:95:5)
    at async D:\agroshop\server.js:288:38
2025-03-29 20:17:46 [INFO]: Сервер запущен на порту 3000
2025-03-29 20:17:46 [INFO]: Успешно подключено к базе данных PostgreSQL
2025-03-29 20:17:48 [INFO]: Найден товар: Баклажан Северный Блюз (арт. 11111), схожесть: 40.9%
2025-03-29 20:17:49 [INFO]: Найден товар: Баклажан Северный Блюз (арт. 11111), схожесть: 40.9%
2025-03-29 20:17:53 [INFO]: Найден товар: Огурец Сюрприз F1 (арт. 13326), схожесть: 38.9%
2025-03-29 20:17:56 [INFO]: Найден товар: Огурец Сюрприз F1 (арт. 13326), схожесть: 19.0%
2025-03-29 20:18:00 [INFO]: Найден товар: Баклажан Северный Блюз (арт. 11111), схожесть: 24.0%
2025-03-29 20:43:25 [INFO]: Сервер запущен на порту 3000
2025-03-29 20:43:25 [INFO]: Успешно подключено к базе данных PostgreSQL
2025-03-29 20:43:28 [INFO]: Найден товар: Баклажан Северный Блюз (арт. 11111), схожесть: 24.0%
2025-03-29 20:43:29 [INFO]: Пользователь подключился, userId: null
2025-03-29 20:43:30 [INFO]: Найден товар: Арбуз АУ Продюсер ПВП (арт. 11112), схожесть: 0.0%
2025-03-29 20:43:30 [INFO]: Найден товар: Баклажан Северный Блюз (арт. 11111), схожесть: 0.0%
2025-03-29 20:43:30 [INFO]: Найден товар: Кабачок Президент 1 (арт. 11113), схожесть: 0.0%
2025-03-29 20:43:30 [INFO]: Найден товар: Огурец Сюрприз F1 (арт. 13326), схожесть: 0.0%
2025-03-29 20:43:30 [INFO]: Найден товар: Роза Красная (арт. 98765), схожесть: 0.0%
2025-03-29 20:43:30 [INFO]: Найден товар: Томат Балконное Чудо (арт. 41047), схожесть: 0.0%
2025-03-29 20:43:38 [INFO]: Пользователь user2@example.com вошёл в систему
2025-03-29 20:43:40 [INFO]: Пользователь подключился, userId: 2
2025-03-29 20:43:41 [INFO]: Найден товар: Арбуз АУ Продюсер ПВП (арт. 11112), схожесть: 0.0%
2025-03-29 20:43:41 [INFO]: Найден товар: Баклажан Северный Блюз (арт. 11111), схожесть: 0.0%
2025-03-29 20:43:41 [INFO]: Найден товар: Кабачок Президент 1 (арт. 11113), схожесть: 0.0%
2025-03-29 20:43:41 [INFO]: Найден товар: Огурец Сюрприз F1 (арт. 13326), схожесть: 0.0%
2025-03-29 20:43:41 [INFO]: Найден товар: Роза Красная (арт. 98765), схожесть: 0.0%
2025-03-29 20:43:41 [INFO]: Найден товар: Томат Балконное Чудо (арт. 41047), схожесть: 0.0%
2025-03-29 20:43:44 [INFO]: Пользователь подключился, userId: 2
2025-03-29 20:43:48 [INFO]: Найден товар: Арбуз АУ Продюсер ПВП (арт. 11112), схожесть: 0.0%
2025-03-29 20:43:48 [INFO]: Найден товар: Баклажан Северный Блюз (арт. 11111), схожесть: 0.0%
2025-03-29 20:43:48 [INFO]: Найден товар: Кабачок Президент 1 (арт. 11113), схожесть: 0.0%
2025-03-29 20:43:48 [INFO]: Найден товар: Огурец Сюрприз F1 (арт. 13326), схожесть: 0.0%
2025-03-29 20:43:48 [INFO]: Найден товар: Роза Красная (арт. 98765), схожесть: 0.0%
2025-03-29 20:43:48 [INFO]: Найден товар: Томат Балконное Чудо (арт. 41047), схожесть: 0.0%
2025-03-29 20:43:49 [INFO]: Пользователь подключился, userId: 2
2025-03-29 20:43:51 [INFO]: Пользователь user2@example.com вышел из системы
2025-03-29 20:43:51 [INFO]: Пользователь подключился, userId: null
2025-03-29 20:43:54 [INFO]: Пользователь подключился, userId: null
2025-03-29 20:43:55 [INFO]: Пользователь подключился, userId: null
2025-03-29 20:43:56 [INFO]: Найден товар: Арбуз АУ Продюсер ПВП (арт. 11112), схожесть: 0.0%
2025-03-29 20:43:56 [INFO]: Найден товар: Баклажан Северный Блюз (арт. 11111), схожесть: 0.0%
2025-03-29 20:43:56 [INFO]: Найден товар: Кабачок Президент 1 (арт. 11113), схожесть: 0.0%
2025-03-29 20:43:56 [INFO]: Найден товар: Огурец Сюрприз F1 (арт. 13326), схожесть: 0.0%
2025-03-29 20:43:56 [INFO]: Найден товар: Роза Красная (арт. 98765), схожесть: 0.0%
2025-03-29 20:43:56 [INFO]: Найден товар: Томат Балконное Чудо (арт. 41047), схожесть: 0.0%
2025-03-29 20:43:57 [INFO]: Пользователь подключился, userId: null
2025-03-29 20:43:58 [INFO]: Найден товар: Арбуз АУ Продюсер ПВП (арт. 11112), схожесть: 0.0%
2025-03-29 20:43:58 [INFO]: Найден товар: Баклажан Северный Блюз (арт. 11111), схожесть: 0.0%
2025-03-29 20:43:58 [INFO]: Найден товар: Кабачок Президент 1 (арт. 11113), схожесть: 0.0%
2025-03-29 20:43:58 [INFO]: Найден товар: Огурец Сюрприз F1 (арт. 13326), схожесть: 0.0%
2025-03-29 20:43:58 [INFO]: Найден товар: Роза Красная (арт. 98765), схожесть: 0.0%
2025-03-29 20:43:58 [INFO]: Найден товар: Томат Балконное Чудо (арт. 41047), схожесть: 0.0%
2025-03-29 20:44:00 [INFO]: Пользователь подключился, userId: null
2025-03-29 20:44:01 [INFO]: Найден товар: Арбуз АУ Продюсер ПВП (арт. 11112), схожесть: 0.0%
2025-03-29 20:44:01 [INFO]: Найден товар: Баклажан Северный Блюз (арт. 11111), схожесть: 0.0%
2025-03-29 20:44:01 [INFO]: Найден товар: Кабачок Президент 1 (арт. 11113), схожесть: 0.0%
2025-03-29 20:44:01 [INFO]: Найден товар: Огурец Сюрприз F1 (арт. 13326), схожесть: 0.0%
2025-03-29 20:44:01 [INFO]: Найден товар: Роза Красная (арт. 98765), схожесть: 0.0%
2025-03-29 20:44:01 [INFO]: Найден товар: Томат Балконное Чудо (арт. 41047), схожесть: 0.0%
2025-03-29 20:44:02 [INFO]: Пользователь подключился, userId: null
2025-03-29 20:44:03 [INFO]: Найден товар: Арбуз АУ Продюсер ПВП (арт. 11112), схожесть: 0.0%
2025-03-29 20:44:03 [INFO]: Найден товар: Баклажан Северный Блюз (арт. 11111), схожесть: 0.0%
2025-03-29 20:44:03 [INFO]: Найден товар: Кабачок Президент 1 (арт. 11113), схожесть: 0.0%
2025-03-29 20:44:03 [INFO]: Найден товар: Огурец Сюрприз F1 (арт. 13326), схожесть: 0.0%
2025-03-29 20:44:03 [INFO]: Найден товар: Роза Красная (арт. 98765), схожесть: 0.0%
2025-03-29 20:44:03 [INFO]: Найден товар: Томат Балконное Чудо (арт. 41047), схожесть: 0.0%
2025-03-29 20:44:03 [INFO]: Пользователь подключился, userId: null
2025-03-29 20:44:18 [INFO]: Пользователь подключился, userId: null
2025-03-29 20:44:19 [INFO]: Найден товар: Арбуз АУ Продюсер ПВП (арт. 11112), схожесть: 0.0%
2025-03-29 20:44:19 [INFO]: Найден товар: Баклажан Северный Блюз (арт. 11111), схожесть: 0.0%
2025-03-29 20:44:19 [INFO]: Найден товар: Кабачок Президент 1 (арт. 11113), схожесть: 0.0%
2025-03-29 20:44:19 [INFO]: Найден товар: Огурец Сюрприз F1 (арт. 13326), схожесть: 0.0%
2025-03-29 20:44:19 [INFO]: Найден товар: Роза Красная (арт. 98765), схожесть: 0.0%
2025-03-29 20:44:19 [INFO]: Найден товар: Томат Балконное Чудо (арт. 41047), схожесть: 0.0%
2025-03-29 22:04:25 [INFO]: Пользователь подключился, userId: null
2025-03-29 22:04:26 [INFO]: Найден товар: Арбуз АУ Продюсер ПВП (арт. 11112), схожесть: 0.0%
2025-03-29 22:04:26 [INFO]: Найден товар: Баклажан Северный Блюз (арт. 11111), схожесть: 0.0%
2025-03-29 22:04:26 [INFO]: Найден товар: Кабачок Президент 1 (арт. 11113), схожесть: 0.0%
2025-03-29 22:04:26 [INFO]: Найден товар: Огурец Сюрприз F1 (арт. 13326), схожесть: 0.0%
2025-03-29 22:04:26 [INFO]: Найден товар: Роза Красная (арт. 98765), схожесть: 0.0%
2025-03-29 22:04:26 [INFO]: Найден товар: Томат Балконное Чудо (арт. 41047), схожесть: 0.0%
2025-03-29 22:04:32 [INFO]: Пользователь подключился, userId: null
2025-03-29 22:14:49 [INFO]: Сервер запущен на порту 3000
2025-03-29 22:14:50 [INFO]: Успешно подключено к базе данных PostgreSQL
2025-03-29 22:19:00 [INFO]: Пользователь подключился, userId: null
2025-03-29 22:19:10 [INFO]: Найден товар: Баклажан Северный Блюз (арт. 11111), схожесть: 0.0%
2025-03-29 22:19:10 [INFO]: Найден товар: Кабачок Президент 1 (арт. 11113), схожесть: 0.0%
2025-03-29 22:19:10 [INFO]: Найден товар: Огурец Сюрприз F1 (арт. 13326), схожесть: 0.0%
2025-03-29 22:19:10 [INFO]: Найден товар: Томат Балконное Чудо (арт. 41047), схожесть: 0.0%
2025-03-29 22:19:10 [INFO]: Пользователь подключился, userId: null
2025-03-29 22:19:11 [INFO]: Найден товар: Роза Красная (арт. 98765), схожесть: 0.0%
2025-03-29 22:19:12 [INFO]: Пользователь подключился, userId: null
2025-03-29 22:19:13 [INFO]: Найден товар: Баклажан Северный Блюз (арт. 11111), схожесть: 0.0%
2025-03-29 22:19:13 [INFO]: Пользователь подключился, userId: null
2025-03-29 22:19:15 [INFO]: Пользователь подключился, userId: null
2025-03-29 22:19:17 [INFO]: Пользователь подключился, userId: null
2025-03-29 22:20:18 [INFO]: Пользователь подключился, userId: null
2025-03-29 22:26:39 [INFO]: Получено событие button_click: search
2025-03-29 22:26:42 [INFO]: Получено событие input_submit: агурец
2025-03-29 22:26:42 [INFO]: Найден товар: Огурец Сюрприз F1 (арт. 13326), схожесть: 40.0%
2025-03-29 22:26:44 [INFO]: Получено событие button_click: order
2025-03-29 22:26:45 [INFO]: Получено событие button_click: history
2025-03-29 22:40:47 [INFO]: Пользователь подключился, userId: null
2025-03-29 22:41:03 [INFO]: Сервер запущен на порту 3000
2025-03-29 22:41:03 [INFO]: Успешно подключено к базе данных PostgreSQL
2025-03-29 22:41:04 [INFO]: Пользователь подключился, userId: null
2025-03-29 22:41:06 [INFO]: Пользователь подключился, userId: null
