2025-04-01 18:51:23 [INFO]: Сервер запущен на порту 3000
2025-04-01 18:51:23 [INFO]: Успешно подключено к базе данных PostgreSQL
2025-04-01 18:52:56 [INFO]: Сервер запущен на порту 3000
2025-04-01 18:52:56 [INFO]: Успешно подключено к базе данных PostgreSQL
2025-04-01 19:23:59 [INFO]: Сервер запущен на порту 3000
2025-04-01 19:23:59 [INFO]: Успешно подключено к базе данных PostgreSQL
2025-04-01 19:24:01 [INFO]: Пользователь подключился, userId: null
2025-04-01 19:24:02 [INFO]: Пользователь подключился, userId: null
2025-04-01 19:24:03 [INFO]: Найден товар: Арбуз АУ Продюсер ПВП (арт. 11112), схожесть: 0.0%
2025-04-01 19:24:03 [INFO]: Найден товар: Баклажан Северный Блюз (арт. 11111), схожесть: 0.0%
2025-04-01 19:24:03 [INFO]: Найден товар: Кабачок Президент 1 (арт. 11113), схожесть: 0.0%
2025-04-01 19:24:03 [INFO]: Найден товар: Огурец Сюрприз F1 (арт. 13326), схожесть: 0.0%
2025-04-01 19:24:03 [INFO]: Найден товар: Роза Красная (арт. 98765), схожесть: 0.0%
2025-04-01 19:24:03 [INFO]: Найден товар: Томат Балконное Чудо (арт. 41047), схожесть: 0.0%
2025-04-01 19:24:03 [INFO]: Пользователь подключился, userId: null
2025-04-01 19:33:50 [INFO]: Сервер запущен на порту 3000
2025-04-01 19:33:51 [INFO]: Успешно подключено к базе данных PostgreSQL
2025-04-01 19:34:06 [INFO]: Попытка входа: email=user2@example.com, password=1234
2025-04-01 19:34:06 [INFO]: Найден пользователь: email=user2@example.com, хранимый пароль=$2b$10$EYzRFZeorQkAumumFVLDHumxdxr2Knn7cUF/nopsDQpLRLBFVvzhO
2025-04-01 19:34:06 [INFO]: Результат сравнения паролей: match=false
2025-04-01 19:34:06 [WARN]: Неверный пароль для пользователя user2@example.com
2025-04-01 19:36:53 [INFO]: Новый пользователь зарегистрирован: user9@example.com
2025-04-01 19:36:53 [INFO]: Пользователь подключился, userId: 5
2025-04-01 19:36:55 [INFO]: Пользователь user9@example.com вышел из системы
2025-04-01 19:36:55 [INFO]: Пользователь подключился, userId: null
2025-04-01 19:37:03 [INFO]: Попытка входа: email=user9@example.com, password=1234
2025-04-01 19:37:03 [INFO]: Найден пользователь: email=user9@example.com, хранимый пароль=$2b$10$XxdiQHhjD4vOz7KSyZLbw.Kv6GZbh9BZ0bJtl6pIgGlLPu77eiMr6
2025-04-01 19:37:03 [INFO]: Результат сравнения паролей: match=true
2025-04-01 19:37:03 [INFO]: Пользователь user9@example.com (роль: user) вошёл в систему
2025-04-01 19:37:03 [INFO]: Пользователь подключился, userId: 5
2025-04-01 19:39:09 [INFO]: Сервер запущен на порту 3000
2025-04-01 19:39:09 [INFO]: Пользователь подключился, userId: null
2025-04-01 19:39:09 [INFO]: Успешно подключено к базе данных PostgreSQL
2025-04-01 19:39:12 [INFO]: Пользователь неизвестный пользователь вышел из системы
2025-04-01 19:39:13 [INFO]: Пользователь подключился, userId: null
2025-04-01 19:39:18 [INFO]: Попытка входа: email=user9@example.com, password=1234
2025-04-01 19:39:18 [INFO]: Найден пользователь: email=user9@example.com, хранимый пароль=$2b$10$XxdiQHhjD4vOz7KSyZLbw.Kv6GZbh9BZ0bJtl6pIgGlLPu77eiMr6
2025-04-01 19:39:18 [INFO]: Результат сравнения паролей: match=true
2025-04-01 19:39:18 [INFO]: Пользователь user9@example.com (роль: user) вошёл в систему
2025-04-01 19:39:18 [INFO]: Пользователь подключился, userId: 5
2025-04-01 19:39:19 [INFO]: Пользователь user9@example.com вышел из системы
2025-04-01 19:39:19 [INFO]: Пользователь подключился, userId: null
2025-04-01 20:07:17 [INFO]: Сервер запущен на порту 3000
2025-04-01 20:07:17 [INFO]: Успешно подключено к базе данных PostgreSQL
2025-04-01 20:07:19 [INFO]: Пользователь подключился, userId: null
2025-04-01 20:07:28 [INFO]: Сервер запущен на порту 3000
2025-04-01 20:07:28 [INFO]: Успешно подключено к базе данных PostgreSQL
2025-04-01 20:07:28 [INFO]: Пользователь подключился, userId: null
2025-04-01 20:07:40 [INFO]: Пароль для пользователя admin@example.com (id: 3) сброшен на 1234
2025-04-01 20:07:40 [INFO]: Пароль для пользователя 1@gmail.com (id: 4) сброшен на 1234
2025-04-01 20:07:40 [INFO]: Пароль для пользователя user1@example.com (id: 1) сброшен на 1234
2025-04-01 20:07:40 [INFO]: Пароль для пользователя user2@example.com (id: 2) сброшен на 1234
2025-04-01 20:07:53 [INFO]: Сервер запущен на порту 3000
2025-04-01 20:07:53 [INFO]: Пользователь подключился, userId: null
2025-04-01 20:07:53 [INFO]: Успешно подключено к базе данных PostgreSQL
2025-04-01 20:07:58 [INFO]: Попытка входа: email=user2@example.com, password=1234
2025-04-01 20:07:58 [INFO]: Найден пользователь: email=user2@example.com, хранимый пароль=$2b$10$NZy8R7sGRyve6XxKRk7srOv1ly5CFBAillcA46zzJ26SaN6ecz4KC
2025-04-01 20:07:58 [INFO]: Результат сравнения паролей: match=true
2025-04-01 20:07:58 [INFO]: Пользователь user2@example.com (роль: user) вошёл в систему
2025-04-01 20:07:58 [INFO]: Пользователь подключился, userId: 2
2025-04-01 20:30:29 [INFO]: Пользователь подключился, userId: 2
2025-04-01 20:30:30 [INFO]: Пользователь user2@example.com вышел из системы
2025-04-01 20:30:30 [INFO]: Пользователь подключился, userId: null
2025-04-01 20:30:37 [INFO]: Попытка входа: email=admin@example.com, password=1234
2025-04-01 20:30:37 [INFO]: Найден пользователь: email=admin@example.com, хранимый пароль=$2b$10$uGMLP1G/LNPmAqbYeiWZhudTr4I8G82oxala0mhodUypHL7nX3kSi
2025-04-01 20:30:37 [INFO]: Результат сравнения паролей: match=true
2025-04-01 20:30:37 [INFO]: Пользователь admin@example.com (роль: admin) вошёл в систему
2025-04-01 20:30:41 [INFO]: Пользователь подключился, userId: 3
2025-04-01 20:31:15 [INFO]: Пользователь подключился, userId: 3
2025-04-01 20:31:40 [INFO]: Сервер запущен на порту 3000
2025-04-01 20:31:40 [INFO]: Успешно подключено к базе данных PostgreSQL
2025-04-01 20:31:44 [INFO]: Попытка входа: email=admin@example.com, password=1234
2025-04-01 20:31:44 [INFO]: Найден пользователь: email=admin@example.com, хранимый пароль=$2b$10$uGMLP1G/LNPmAqbYeiWZhudTr4I8G82oxala0mhodUypHL7nX3kSi
2025-04-01 20:31:44 [INFO]: Результат сравнения паролей: match=true
2025-04-01 20:31:44 [INFO]: Пользователь admin@example.com (роль: admin) вошёл в систему
2025-04-01 20:34:37 [INFO]: Сервер запущен на порту 3000
2025-04-01 20:34:38 [INFO]: Успешно подключено к базе данных PostgreSQL
2025-04-01 20:34:43 [INFO]: Попытка входа: email=admin@example.com, password=1234
2025-04-01 20:34:43 [INFO]: Найден пользователь: email=admin@example.com, хранимый пароль=$2b$10$uGMLP1G/LNPmAqbYeiWZhudTr4I8G82oxala0mhodUypHL7nX3kSi
2025-04-01 20:34:43 [INFO]: Результат сравнения паролей: match=true
2025-04-01 20:34:43 [INFO]: Пользователь admin@example.com (роль: admin) вошёл в систему
2025-04-01 20:36:04 [INFO]: Сервер запущен на порту 3000
2025-04-01 20:36:04 [INFO]: Успешно подключено к базе данных PostgreSQL
2025-04-01 20:36:20 [INFO]: Попытка входа: email=admin@example.com, password=1234
2025-04-01 20:36:20 [INFO]: Найден пользователь: email=admin@example.com, хранимый пароль=$2b$10$uGMLP1G/LNPmAqbYeiWZhudTr4I8G82oxala0mhodUypHL7nX3kSi
2025-04-01 20:36:20 [INFO]: Результат сравнения паролей: match=true
2025-04-01 20:36:20 [INFO]: Пользователь admin@example.com (роль: admin) вошёл в систему
2025-04-01 20:36:56 [INFO]: Сервер запущен на порту 3000
2025-04-01 20:36:56 [INFO]: Успешно подключено к базе данных PostgreSQL
2025-04-01 20:37:02 [INFO]: Попытка входа: email=admin@example.com, password=1234
2025-04-01 20:37:02 [INFO]: Найден пользователь: email=admin@example.com, хранимый пароль=$2b$10$uGMLP1G/LNPmAqbYeiWZhudTr4I8G82oxala0mhodUypHL7nX3kSi
2025-04-01 20:37:02 [INFO]: Результат сравнения паролей: match=true
2025-04-01 20:37:02 [INFO]: Пользователь admin@example.com (роль: admin) вошёл в систему
2025-04-01 20:42:00 [INFO]: Сервер запущен на порту 3000
2025-04-01 20:42:00 [INFO]: Успешно подключено к базе данных PostgreSQL
2025-04-01 20:42:06 [INFO]: Попытка входа: email=admin@example.com, password=1234
2025-04-01 20:42:06 [INFO]: Найден пользователь: email=admin@example.com, хранимый пароль=$2b$10$uGMLP1G/LNPmAqbYeiWZhudTr4I8G82oxala0mhodUypHL7nX3kSi
2025-04-01 20:42:06 [INFO]: Результат сравнения паролей: match=true
2025-04-01 20:42:06 [INFO]: Пользователь admin@example.com (роль: admin) вошёл в систему
2025-04-01 20:42:35 [INFO]: Пользователь подключился, userId: 3
2025-04-01 20:51:21 [INFO]: Сервер запущен на порту 3000
2025-04-01 20:51:21 [INFO]: Успешно подключено к базе данных PostgreSQL
2025-04-01 20:51:27 [INFO]: Попытка входа: email=admin@example.com, password=1234
2025-04-01 20:51:27 [INFO]: Найден пользователь: email=admin@example.com, хранимый пароль=$2b$10$uGMLP1G/LNPmAqbYeiWZhudTr4I8G82oxala0mhodUypHL7nX3kSi
2025-04-01 20:51:27 [INFO]: Результат сравнения паролей: match=true
2025-04-01 20:51:27 [INFO]: Пользователь admin@example.com (роль: admin) вошёл в систему
2025-04-01 20:51:33 [INFO]: Пользователь admin@example.com вышел из системы
2025-04-01 20:51:38 [INFO]: Попытка входа: email=admin@example.com, password=1234
2025-04-01 20:51:38 [INFO]: Найден пользователь: email=admin@example.com, хранимый пароль=$2b$10$uGMLP1G/LNPmAqbYeiWZhudTr4I8G82oxala0mhodUypHL7nX3kSi
2025-04-01 20:51:38 [INFO]: Результат сравнения паролей: match=true
2025-04-01 20:51:38 [INFO]: Пользователь admin@example.com (роль: admin) вошёл в систему
2025-04-01 20:53:08 [INFO]: Сервер запущен на порту 3000
2025-04-01 20:53:08 [INFO]: Успешно подключено к базе данных PostgreSQL
2025-04-01 20:53:10 [INFO]: Пользователь неизвестный пользователь вышел из системы
2025-04-01 20:53:10 [INFO]: Пользователь подключился, userId: null
2025-04-01 20:53:14 [INFO]: Попытка входа: email=admin@example.com, password=1234
2025-04-01 20:53:14 [INFO]: Найден пользователь: email=admin@example.com, хранимый пароль=$2b$10$uGMLP1G/LNPmAqbYeiWZhudTr4I8G82oxala0mhodUypHL7nX3kSi
2025-04-01 20:53:14 [INFO]: Результат сравнения паролей: match=true
2025-04-01 20:53:14 [INFO]: Пользователь admin@example.com (роль: admin) вошёл в систему
2025-04-01 20:59:26 [INFO]: Сервер запущен на порту 3000
2025-04-01 20:59:26 [INFO]: Успешно подключено к базе данных PostgreSQL
2025-04-01 20:59:32 [INFO]: Попытка входа: email=admin@example.com, password=1234
2025-04-01 20:59:32 [INFO]: Найден пользователь: email=admin@example.com, хранимый пароль=$2b$10$uGMLP1G/LNPmAqbYeiWZhudTr4I8G82oxala0mhodUypHL7nX3kSi
2025-04-01 20:59:32 [INFO]: Результат сравнения паролей: match=true
2025-04-01 20:59:32 [INFO]: Пользователь admin@example.com (роль: admin) вошёл в систему
